2024-08-29 19:33:48,364 - httpx - INFO - HTTP Request: POST https://api.telegram.org/bot7228712847:AAHWgEy-FffARPfn5ZxCqClZDukVzRLhJxw/getMe "HTTP/1.1 200 OK"
2024-08-29 19:33:48,570 - httpx - INFO - HTTP Request: POST https://api.telegram.org/bot7228712847:AAHWgEy-FffARPfn5ZxCqClZDukVzRLhJxw/deleteWebhook "HTTP/1.1 200 OK"
2024-08-29 19:33:48,572 - apscheduler.scheduler - INFO - Scheduler started
2024-08-29 19:33:48,572 - telegram.ext.Application - INFO - Application started
2024-08-29 19:34:00,953 - httpx - INFO - HTTP Request: POST https://api.telegram.org/bot7228712847:AAHWgEy-FffARPfn5ZxCqClZDukVzRLhJxw/getUpdates "HTTP/1.1 200 OK"
2024-08-29 19:34:00,954 - __main__ - INFO - Received 'okpay' from CA TAK - ADS TEAM 1 in chat -1002162228603
2024-08-29 19:34:01,899 - httpx - INFO - HTTP Request: POST https://api.telegram.org/bot7228712847:AAHWgEy-FffARPfn5ZxCqClZDukVzRLhJxw/sendMessage "HTTP/1.1 200 OK"
2024-08-29 19:35:06,663 - httpx - INFO - HTTP Request: POST https://api.telegram.org/bot7228712847:AAHWgEy-FffARPfn5ZxCqClZDukVzRLhJxw/getUpdates "HTTP/1.1 200 OK"
2024-08-29 19:35:06,664 - telegram.ext.Application - INFO - Application is stopping. This might take a moment.
2024-08-29 19:35:06,664 - apscheduler.scheduler - INFO - Scheduler has been shut down
2024-08-29 19:35:06,665 - telegram.ext.Application - INFO - Application.stop() complete
2024-08-29 19:37:33,241 - httpx - INFO - HTTP Request: POST https://api.telegram.org/bot7228712847:AAHWgEy-FffARPfn5ZxCqClZDukVzRLhJxw/getMe "HTTP/1.1 200 OK"
2024-08-29 19:37:33,434 - httpx - INFO - HTTP Request: POST https://api.telegram.org/bot7228712847:AAHWgEy-FffARPfn5ZxCqClZDukVzRLhJxw/deleteWebhook "HTTP/1.1 200 OK"
2024-08-29 19:37:33,437 - apscheduler.scheduler - INFO - Scheduler started
2024-08-29 19:37:33,437 - telegram.ext.Application - INFO - Application started
2024-08-29 19:37:38,088 - httpx - INFO - HTTP Request: POST https://api.telegram.org/bot7228712847:AAHWgEy-FffARPfn5ZxCqClZDukVzRLhJxw/getUpdates "HTTP/1.1 200 OK"
2024-08-29 19:37:38,089 - __main__ - INFO - Received 'okpay' from CA TAK - ADS TEAM 1 in chat -1002162228603
2024-08-29 19:37:38,612 - httpx - INFO - HTTP Request: POST https://api.telegram.org/bot7228712847:AAHWgEy-FffARPfn5ZxCqClZDukVzRLhJxw/sendMessage "HTTP/1.1 200 OK"
2024-08-29 19:38:58,672 - httpx - INFO - HTTP Request: POST https://api.telegram.org/bot7228712847:AAHWgEy-FffARPfn5ZxCqClZDukVzRLhJxw/getUpdates "HTTP/1.1 200 OK"
2024-08-29 19:40:19,291 - httpx - INFO - HTTP Request: POST https://api.telegram.org/bot7228712847:AAHWgEy-FffARPfn5ZxCqClZDukVzRLhJxw/getUpdates "HTTP/1.1 200 OK"
2024-08-29 19:40:51,379 - httpx - INFO - HTTP Request: POST https://api.telegram.org/bot7228712847:AAHWgEy-FffARPfn5ZxCqClZDukVzRLhJxw/getUpdates "HTTP/1.1 200 OK"
2024-08-29 19:40:51,380 - __main__ - INFO - Message received in group from CA TAK - ADS TEAM 1
2024-08-29 19:40:56,393 - handlers.filter_handler - INFO - Processed message from user Kakalot5678 in chat -1002162228603
2024-08-29 19:41:29,947 - httpx - INFO - HTTP Request: POST https://api.telegram.org/bot7228712847:AAHWgEy-FffARPfn5ZxCqClZDukVzRLhJxw/getUpdates "HTTP/1.1 200 OK"
2024-08-29 19:41:29,947 - telegram.ext.Application - INFO - Application is stopping. This might take a moment.
2024-08-29 19:41:29,948 - apscheduler.scheduler - INFO - Scheduler has been shut down
2024-08-29 19:41:29,948 - telegram.ext.Application - INFO - Application.stop() complete
2024-08-29 19:43:01,105 - httpx - INFO - HTTP Request: POST https://api.telegram.org/bot7228712847:AAHWgEy-FffARPfn5ZxCqClZDukVzRLhJxw/getMe "HTTP/1.1 200 OK"
2024-08-29 19:43:01,300 - httpx - INFO - HTTP Request: POST https://api.telegram.org/bot7228712847:AAHWgEy-FffARPfn5ZxCqClZDukVzRLhJxw/deleteWebhook "HTTP/1.1 200 OK"
2024-08-29 19:43:01,301 - apscheduler.scheduler - INFO - Scheduler started
2024-08-29 19:43:01,302 - telegram.ext.Application - INFO - Application started
2024-08-29 19:43:10,483 - httpx - INFO - HTTP Request: POST https://api.telegram.org/bot7228712847:AAHWgEy-FffARPfn5ZxCqClZDukVzRLhJxw/getUpdates "HTTP/1.1 200 OK"
2024-08-29 19:43:10,484 - __main__ - INFO - Message received in group from CA TAK - ADS TEAM 1
2024-08-29 19:43:11,310 - httpx - INFO - HTTP Request: POST https://api.telegram.org/bot7228712847:AAHWgEy-FffARPfn5ZxCqClZDukVzRLhJxw/sendMessage "HTTP/1.1 200 OK"
2024-08-29 19:43:11,796 - httpx - INFO - HTTP Request: POST https://api.telegram.org/bot7228712847:AAHWgEy-FffARPfn5ZxCqClZDukVzRLhJxw/deleteMessage "HTTP/1.1 200 OK"
2024-08-29 19:43:11,797 - handlers.filter_handler - INFO - Processed message from user Kakalot5678 in chat -1002162228603
2024-08-29 19:44:31,054 - httpx - INFO - HTTP Request: POST https://api.telegram.org/bot7228712847:AAHWgEy-FffARPfn5ZxCqClZDukVzRLhJxw/getUpdates "HTTP/1.1 200 OK"
2024-08-29 19:45:01,662 - httpx - INFO - HTTP Request: POST https://api.telegram.org/bot7228712847:AAHWgEy-FffARPfn5ZxCqClZDukVzRLhJxw/getUpdates "HTTP/1.1 200 OK"
2024-08-29 19:45:01,663 - telegram.ext.Application - INFO - Application is stopping. This might take a moment.
2024-08-29 19:45:01,663 - apscheduler.scheduler - INFO - Scheduler has been shut down
2024-08-29 19:45:01,663 - telegram.ext.Application - INFO - Application.stop() complete
2024-08-29 19:45:39,038 - httpx - INFO - HTTP Request: POST https://api.telegram.org/bot7228712847:AAHWgEy-FffARPfn5ZxCqClZDukVzRLhJxw/getMe "HTTP/1.1 200 OK"
2024-08-29 19:45:39,224 - httpx - INFO - HTTP Request: POST https://api.telegram.org/bot7228712847:AAHWgEy-FffARPfn5ZxCqClZDukVzRLhJxw/deleteWebhook "HTTP/1.1 200 OK"
2024-08-29 19:45:39,225 - apscheduler.scheduler - INFO - Scheduler started
2024-08-29 19:45:39,225 - telegram.ext.Application - INFO - Application started
2024-08-29 19:46:06,308 - httpx - INFO - HTTP Request: POST https://api.telegram.org/bot7228712847:AAHWgEy-FffARPfn5ZxCqClZDukVzRLhJxw/getUpdates "HTTP/1.1 200 OK"
2024-08-29 19:46:06,308 - __main__ - INFO - Message received in group from CA TAK - ADS TEAM 1
2024-08-29 19:46:07,099 - httpx - INFO - HTTP Request: POST https://api.telegram.org/bot7228712847:AAHWgEy-FffARPfn5ZxCqClZDukVzRLhJxw/sendMessage "HTTP/1.1 200 OK"
2024-08-29 19:46:07,480 - httpx - INFO - HTTP Request: POST https://api.telegram.org/bot7228712847:AAHWgEy-FffARPfn5ZxCqClZDukVzRLhJxw/deleteMessage "HTTP/1.1 200 OK"
2024-08-29 19:46:07,481 - handlers.filter_handler - INFO - Processed message from user CA TAK - ADS TEAM 1 (@Kakalot5678) in chat -1002162228603
2024-08-29 19:47:26,928 - httpx - INFO - HTTP Request: POST https://api.telegram.org/bot7228712847:AAHWgEy-FffARPfn5ZxCqClZDukVzRLhJxw/getUpdates "HTTP/1.1 200 OK"
2024-08-29 19:48:21,298 - httpx - INFO - HTTP Request: POST https://api.telegram.org/bot7228712847:AAHWgEy-FffARPfn5ZxCqClZDukVzRLhJxw/getUpdates "HTTP/1.1 200 OK"
2024-08-29 19:48:21,299 - telegram.ext.Application - INFO - Application is stopping. This might take a moment.
2024-08-29 19:48:21,299 - apscheduler.scheduler - INFO - Scheduler has been shut down
2024-08-29 19:48:21,299 - telegram.ext.Application - INFO - Application.stop() complete
2024-08-29 20:00:51,533 - httpx - INFO - HTTP Request: POST https://api.telegram.org/bot7228712847:AAHWgEy-FffARPfn5ZxCqClZDukVzRLhJxw/getMe "HTTP/1.1 200 OK"
2024-08-29 20:00:51,727 - httpx - INFO - HTTP Request: POST https://api.telegram.org/bot7228712847:AAHWgEy-FffARPfn5ZxCqClZDukVzRLhJxw/deleteWebhook "HTTP/1.1 200 OK"
2024-08-29 20:00:51,728 - apscheduler.scheduler - INFO - Scheduler started
2024-08-29 20:00:51,729 - telegram.ext.Application - INFO - Application started
2024-08-29 20:00:59,798 - httpx - INFO - HTTP Request: POST https://api.telegram.org/bot7228712847:AAHWgEy-FffARPfn5ZxCqClZDukVzRLhJxw/getUpdates "HTTP/1.1 200 OK"
2024-08-29 20:01:00,607 - httpx - INFO - HTTP Request: POST https://api.telegram.org/bot7228712847:AAHWgEy-FffARPfn5ZxCqClZDukVzRLhJxw/sendMessage "HTTP/1.1 200 OK"
2024-08-29 20:02:20,388 - httpx - INFO - HTTP Request: POST https://api.telegram.org/bot7228712847:AAHWgEy-FffARPfn5ZxCqClZDukVzRLhJxw/getUpdates "HTTP/1.1 200 OK"
2024-08-29 20:02:50,969 - httpx - INFO - HTTP Request: POST https://api.telegram.org/bot7228712847:AAHWgEy-FffARPfn5ZxCqClZDukVzRLhJxw/getUpdates "HTTP/1.1 200 OK"
2024-08-29 20:02:50,969 - telegram.ext.Application - INFO - Application is stopping. This might take a moment.
2024-08-29 20:02:50,970 - apscheduler.scheduler - INFO - Scheduler has been shut down
2024-08-29 20:02:50,970 - telegram.ext.Application - INFO - Application.stop() complete
2024-08-29 20:04:31,739 - httpx - INFO - HTTP Request: POST https://api.telegram.org/bot7228712847:AAHWgEy-FffARPfn5ZxCqClZDukVzRLhJxw/getMe "HTTP/1.1 200 OK"
2024-08-29 20:04:31,944 - httpx - INFO - HTTP Request: POST https://api.telegram.org/bot7228712847:AAHWgEy-FffARPfn5ZxCqClZDukVzRLhJxw/deleteWebhook "HTTP/1.1 200 OK"
2024-08-29 20:04:31,945 - apscheduler.scheduler - INFO - Scheduler started
2024-08-29 20:04:31,945 - telegram.ext.Application - INFO - Application started
2024-08-29 20:04:35,761 - httpx - INFO - HTTP Request: POST https://api.telegram.org/bot7228712847:AAHWgEy-FffARPfn5ZxCqClZDukVzRLhJxw/getUpdates "HTTP/1.1 200 OK"
2024-08-29 20:04:36,204 - httpx - INFO - HTTP Request: POST https://api.telegram.org/bot7228712847:AAHWgEy-FffARPfn5ZxCqClZDukVzRLhJxw/sendMessage "HTTP/1.1 200 OK"
2024-08-29 20:04:36,205 - handlers.checkin_handler - INFO - User trungdiem111 checked in successfully in chat -1002162228603
2024-08-29 20:05:06,375 - httpx - INFO - HTTP Request: POST https://api.telegram.org/bot7228712847:AAHWgEy-FffARPfn5ZxCqClZDukVzRLhJxw/getUpdates "HTTP/1.1 200 OK"
2024-08-29 20:05:07,225 - httpx - INFO - HTTP Request: POST https://api.telegram.org/bot7228712847:AAHWgEy-FffARPfn5ZxCqClZDukVzRLhJxw/sendMessage "HTTP/1.1 200 OK"
2024-08-29 20:05:07,227 - handlers.checkin_handler - INFO - User Kakalot5678 checked in successfully in chat -1002162228603
2024-08-29 20:05:36,971 - httpx - INFO - HTTP Request: POST https://api.telegram.org/bot7228712847:AAHWgEy-FffARPfn5ZxCqClZDukVzRLhJxw/getUpdates "HTTP/1.1 200 OK"
2024-08-29 20:05:37,768 - httpx - INFO - HTTP Request: POST https://api.telegram.org/bot7228712847:AAHWgEy-FffARPfn5ZxCqClZDukVzRLhJxw/sendMessage "HTTP/1.1 200 OK"
2024-08-29 20:05:38,152 - httpx - INFO - HTTP Request: POST https://api.telegram.org/bot7228712847:AAHWgEy-FffARPfn5ZxCqClZDukVzRLhJxw/deleteMessage "HTTP/1.1 200 OK"
2024-08-29 20:05:38,153 - handlers.filter_handler - INFO - Processed message from user Minh Trung (@trungdiem111) in chat -1002162228603
2024-08-29 20:05:38,565 - httpx - INFO - HTTP Request: POST https://api.telegram.org/bot7228712847:AAHWgEy-FffARPfn5ZxCqClZDukVzRLhJxw/sendMessage "HTTP/1.1 200 OK"
2024-08-29 20:05:38,960 - httpx - INFO - HTTP Request: POST https://api.telegram.org/bot7228712847:AAHWgEy-FffARPfn5ZxCqClZDukVzRLhJxw/deleteMessage "HTTP/1.1 200 OK"
2024-08-29 20:05:38,961 - handlers.filter_handler - INFO - Processed message from user CA TAK - ADS TEAM 1 (@Kakalot5678) in chat -1002162228603
2024-08-29 20:06:07,586 - httpx - INFO - HTTP Request: POST https://api.telegram.org/bot7228712847:AAHWgEy-FffARPfn5ZxCqClZDukVzRLhJxw/getUpdates "HTTP/1.1 200 OK"
2024-08-29 20:06:07,587 - telegram.ext.Application - INFO - Application is stopping. This might take a moment.
2024-08-29 20:06:07,587 - apscheduler.scheduler - INFO - Scheduler has been shut down
2024-08-29 20:06:07,587 - telegram.ext.Application - INFO - Application.stop() complete
2024-08-29 20:14:43,629 - httpx - INFO - HTTP Request: POST https://api.telegram.org/bot7228712847:AAHWgEy-FffARPfn5ZxCqClZDukVzRLhJxw/getMe "HTTP/1.1 200 OK"
2024-08-29 20:14:43,847 - httpx - INFO - HTTP Request: POST https://api.telegram.org/bot7228712847:AAHWgEy-FffARPfn5ZxCqClZDukVzRLhJxw/deleteWebhook "HTTP/1.1 200 OK"
2024-08-29 20:14:43,848 - apscheduler.scheduler - INFO - Scheduler started
2024-08-29 20:14:43,848 - telegram.ext.Application - INFO - Application started
2024-08-29 20:14:52,359 - httpx - INFO - HTTP Request: POST https://api.telegram.org/bot7228712847:AAHWgEy-FffARPfn5ZxCqClZDukVzRLhJxw/getUpdates "HTTP/1.1 200 OK"
2024-08-29 20:14:52,361 - handlers.filter_handler - INFO - Processed message from user CA TAK - ADS TEAM 1 (@Kakalot5678) in chat -1002162228603
2024-08-29 20:15:22,926 - httpx - INFO - HTTP Request: POST https://api.telegram.org/bot7228712847:AAHWgEy-FffARPfn5ZxCqClZDukVzRLhJxw/getUpdates "HTTP/1.1 200 OK"
2024-08-29 20:15:23,757 - httpx - INFO - HTTP Request: POST https://api.telegram.org/bot7228712847:AAHWgEy-FffARPfn5ZxCqClZDukVzRLhJxw/sendMessage "HTTP/1.1 200 OK"
2024-08-29 20:15:24,154 - httpx - INFO - HTTP Request: POST https://api.telegram.org/bot7228712847:AAHWgEy-FffARPfn5ZxCqClZDukVzRLhJxw/deleteMessage "HTTP/1.1 200 OK"
2024-08-29 20:15:24,155 - handlers.filter_handler - INFO - Processed message from user CA TAK - ADS TEAM 1 (@Kakalot5678) in chat -1002162228603
2024-08-29 20:16:43,511 - httpx - INFO - HTTP Request: POST https://api.telegram.org/bot7228712847:AAHWgEy-FffARPfn5ZxCqClZDukVzRLhJxw/getUpdates "HTTP/1.1 200 OK"
2024-08-29 20:18:04,122 - httpx - INFO - HTTP Request: POST https://api.telegram.org/bot7228712847:AAHWgEy-FffARPfn5ZxCqClZDukVzRLhJxw/getUpdates "HTTP/1.1 200 OK"
2024-08-29 20:18:46,308 - httpx - INFO - HTTP Request: POST https://api.telegram.org/bot7228712847:AAHWgEy-FffARPfn5ZxCqClZDukVzRLhJxw/getUpdates "HTTP/1.1 200 OK"
2024-08-29 20:18:47,131 - httpx - INFO - HTTP Request: POST https://api.telegram.org/bot7228712847:AAHWgEy-FffARPfn5ZxCqClZDukVzRLhJxw/sendMessage "HTTP/1.1 200 OK"
2024-08-29 20:18:47,522 - httpx - INFO - HTTP Request: POST https://api.telegram.org/bot7228712847:AAHWgEy-FffARPfn5ZxCqClZDukVzRLhJxw/deleteMessage "HTTP/1.1 200 OK"
2024-08-29 20:18:47,523 - handlers.filter_handler - INFO - Processed message from user CA TAK - ADS TEAM 1 (@Kakalot5678) in chat -1002162228603
2024-08-29 20:19:16,905 - httpx - INFO - HTTP Request: POST https://api.telegram.org/bot7228712847:AAHWgEy-FffARPfn5ZxCqClZDukVzRLhJxw/getUpdates "HTTP/1.1 200 OK"
2024-08-29 20:19:16,906 - telegram.ext.Application - INFO - Application is stopping. This might take a moment.
2024-08-29 20:19:16,906 - apscheduler.scheduler - INFO - Scheduler has been shut down
2024-08-29 20:19:16,906 - telegram.ext.Application - INFO - Application.stop() complete
2024-08-29 20:20:15,082 - httpx - INFO - HTTP Request: POST https://api.telegram.org/bot7228712847:AAHWgEy-FffARPfn5ZxCqClZDukVzRLhJxw/getMe "HTTP/1.1 200 OK"
2024-08-29 20:20:15,295 - httpx - INFO - HTTP Request: POST https://api.telegram.org/bot7228712847:AAHWgEy-FffARPfn5ZxCqClZDukVzRLhJxw/deleteWebhook "HTTP/1.1 200 OK"
2024-08-29 20:20:15,297 - apscheduler.scheduler - INFO - Scheduler started
2024-08-29 20:20:15,297 - telegram.ext.Application - INFO - Application started
2024-08-29 20:20:22,396 - httpx - INFO - HTTP Request: POST https://api.telegram.org/bot7228712847:AAHWgEy-FffARPfn5ZxCqClZDukVzRLhJxw/getUpdates "HTTP/1.1 200 OK"
2024-08-29 20:20:23,243 - httpx - INFO - HTTP Request: POST https://api.telegram.org/bot7228712847:AAHWgEy-FffARPfn5ZxCqClZDukVzRLhJxw/sendMessage "HTTP/1.1 200 OK"
2024-08-29 20:20:23,711 - httpx - INFO - HTTP Request: POST https://api.telegram.org/bot7228712847:AAHWgEy-FffARPfn5ZxCqClZDukVzRLhJxw/deleteMessage "HTTP/1.1 200 OK"
2024-08-29 20:20:23,711 - handlers.filter_handler - INFO - Processed message from user Minh Trung (@trungdiem111) in chat -1002162228603
2024-08-29 20:20:53,005 - httpx - INFO - HTTP Request: POST https://api.telegram.org/bot7228712847:AAHWgEy-FffARPfn5ZxCqClZDukVzRLhJxw/getUpdates "HTTP/1.1 200 OK"
2024-08-29 20:20:53,006 - handlers.filter_handler - INFO - Processed message from user CA TAK - ADS TEAM 1 (@Kakalot5678) in chat -1002162228603
2024-08-29 20:21:25,048 - httpx - INFO - HTTP Request: POST https://api.telegram.org/bot7228712847:AAHWgEy-FffARPfn5ZxCqClZDukVzRLhJxw/getUpdates "HTTP/1.1 200 OK"
2024-08-29 20:21:25,873 - httpx - INFO - HTTP Request: POST https://api.telegram.org/bot7228712847:AAHWgEy-FffARPfn5ZxCqClZDukVzRLhJxw/sendMessage "HTTP/1.1 200 OK"
2024-08-29 20:21:26,311 - httpx - INFO - HTTP Request: POST https://api.telegram.org/bot7228712847:AAHWgEy-FffARPfn5ZxCqClZDukVzRLhJxw/sendMessage "HTTP/1.1 200 OK"
2024-08-29 20:21:55,618 - httpx - INFO - HTTP Request: POST https://api.telegram.org/bot7228712847:AAHWgEy-FffARPfn5ZxCqClZDukVzRLhJxw/getUpdates "HTTP/1.1 200 OK"
2024-08-29 20:21:55,620 - telegram.ext.Application - INFO - Application is stopping. This might take a moment.
2024-08-29 20:21:55,621 - apscheduler.scheduler - INFO - Scheduler has been shut down
2024-08-29 20:21:55,621 - telegram.ext.Application - INFO - Application.stop() complete
2024-08-29 20:22:24,459 - httpx - INFO - HTTP Request: POST https://api.telegram.org/bot7228712847:AAHWgEy-FffARPfn5ZxCqClZDukVzRLhJxw/getMe "HTTP/1.1 200 OK"
2024-08-29 20:22:24,665 - httpx - INFO - HTTP Request: POST https://api.telegram.org/bot7228712847:AAHWgEy-FffARPfn5ZxCqClZDukVzRLhJxw/deleteWebhook "HTTP/1.1 200 OK"
2024-08-29 20:22:24,666 - apscheduler.scheduler - INFO - Scheduler started
2024-08-29 20:22:24,666 - telegram.ext.Application - INFO - Application started
2024-08-29 20:22:27,941 - httpx - INFO - HTTP Request: POST https://api.telegram.org/bot7228712847:AAHWgEy-FffARPfn5ZxCqClZDukVzRLhJxw/getUpdates "HTTP/1.1 200 OK"
2024-08-29 20:22:28,428 - httpx - INFO - HTTP Request: POST https://api.telegram.org/bot7228712847:AAHWgEy-FffARPfn5ZxCqClZDukVzRLhJxw/sendMessage "HTTP/1.1 200 OK"
2024-08-29 20:22:59,540 - httpx - INFO - HTTP Request: POST https://api.telegram.org/bot7228712847:AAHWgEy-FffARPfn5ZxCqClZDukVzRLhJxw/getUpdates "HTTP/1.1 200 OK"
2024-08-29 20:22:59,541 - telegram.ext.Application - INFO - Application is stopping. This might take a moment.
2024-08-29 20:22:59,541 - apscheduler.scheduler - INFO - Scheduler has been shut down
2024-08-29 20:22:59,542 - telegram.ext.Application - INFO - Application.stop() complete
2024-08-29 20:24:50,581 - httpx - INFO - HTTP Request: POST https://api.telegram.org/bot7228712847:AAHWgEy-FffARPfn5ZxCqClZDukVzRLhJxw/getMe "HTTP/1.1 200 OK"
2024-08-29 20:24:50,787 - httpx - INFO - HTTP Request: POST https://api.telegram.org/bot7228712847:AAHWgEy-FffARPfn5ZxCqClZDukVzRLhJxw/deleteWebhook "HTTP/1.1 200 OK"
2024-08-29 20:24:50,788 - apscheduler.scheduler - INFO - Scheduler started
2024-08-29 20:24:50,788 - telegram.ext.Application - INFO - Application started
2024-08-29 20:24:54,864 - httpx - INFO - HTTP Request: POST https://api.telegram.org/bot7228712847:AAHWgEy-FffARPfn5ZxCqClZDukVzRLhJxw/getUpdates "HTTP/1.1 200 OK"
2024-08-29 20:24:55,308 - httpx - INFO - HTTP Request: POST https://api.telegram.org/bot7228712847:AAHWgEy-FffARPfn5ZxCqClZDukVzRLhJxw/sendMessage "HTTP/1.1 200 OK"
2024-08-29 20:25:33,601 - httpx - INFO - HTTP Request: POST https://api.telegram.org/bot7228712847:AAHWgEy-FffARPfn5ZxCqClZDukVzRLhJxw/getUpdates "HTTP/1.1 200 OK"
2024-08-29 20:25:34,389 - httpx - INFO - HTTP Request: POST https://api.telegram.org/bot7228712847:AAHWgEy-FffARPfn5ZxCqClZDukVzRLhJxw/sendMessage "HTTP/1.1 200 OK"
2024-08-29 20:26:04,261 - httpx - INFO - HTTP Request: POST https://api.telegram.org/bot7228712847:AAHWgEy-FffARPfn5ZxCqClZDukVzRLhJxw/getUpdates "HTTP/1.1 200 OK"
2024-08-29 20:26:05,435 - httpx - INFO - HTTP Request: POST https://api.telegram.org/bot7228712847:AAHWgEy-FffARPfn5ZxCqClZDukVzRLhJxw/sendMessage "HTTP/1.1 200 OK"
2024-08-29 20:26:34,896 - httpx - INFO - HTTP Request: POST https://api.telegram.org/bot7228712847:AAHWgEy-FffARPfn5ZxCqClZDukVzRLhJxw/getUpdates "HTTP/1.1 200 OK"
2024-08-29 20:26:35,690 - httpx - INFO - HTTP Request: POST https://api.telegram.org/bot7228712847:AAHWgEy-FffARPfn5ZxCqClZDukVzRLhJxw/sendMessage "HTTP/1.1 200 OK"
2024-08-29 20:27:05,527 - httpx - INFO - HTTP Request: POST https://api.telegram.org/bot7228712847:AAHWgEy-FffARPfn5ZxCqClZDukVzRLhJxw/getUpdates "HTTP/1.1 200 OK"
2024-08-29 20:27:06,314 - httpx - INFO - HTTP Request: POST https://api.telegram.org/bot7228712847:AAHWgEy-FffARPfn5ZxCqClZDukVzRLhJxw/sendMessage "HTTP/1.1 200 OK"
2024-08-29 20:27:28,751 - asyncio - ERROR - Task was destroyed but it is pending!
task: <Task pending name='Application:7228712847:update_fetcher' coro=<Application._update_fetcher() running at C:\Users\OKVIP\AppData\Local\Programs\Python\Python312\Lib\site-packages\telegram\ext\_application.py:1258> wait_for=<Future pending cb=[Task.task_wakeup()]>>
2024-08-29 20:27:28,751 - asyncio - ERROR - Task was destroyed but it is pending!
task: <Task pending name='Updater:start_polling:polling_task' coro=<Updater._network_loop_retry() running at C:\Users\OKVIP\AppData\Local\Programs\Python\Python312\Lib\site-packages\telegram\ext\_updater.py:777> wait_for=<Future pending cb=[Task.task_wakeup()]> cb=[Task.task_wakeup()]>
2024-08-29 20:27:33,359 - httpx - INFO - HTTP Request: POST https://api.telegram.org/bot7228712847:AAHWgEy-FffARPfn5ZxCqClZDukVzRLhJxw/getMe "HTTP/1.1 200 OK"
2024-08-29 20:27:33,547 - httpx - INFO - HTTP Request: POST https://api.telegram.org/bot7228712847:AAHWgEy-FffARPfn5ZxCqClZDukVzRLhJxw/deleteWebhook "HTTP/1.1 200 OK"
2024-08-29 20:27:33,550 - apscheduler.scheduler - INFO - Scheduler started
2024-08-29 20:27:33,551 - telegram.ext.Application - INFO - Application started
2024-08-29 20:27:38,571 - httpx - INFO - HTTP Request: POST https://api.telegram.org/bot7228712847:AAHWgEy-FffARPfn5ZxCqClZDukVzRLhJxw/getUpdates "HTTP/1.1 200 OK"
2024-08-29 20:27:39,520 - httpx - INFO - HTTP Request: POST https://api.telegram.org/bot7228712847:AAHWgEy-FffARPfn5ZxCqClZDukVzRLhJxw/sendMessage "HTTP/1.1 200 OK"
2024-08-29 20:27:44,864 - httpx - INFO - HTTP Request: POST https://api.telegram.org/bot7228712847:AAHWgEy-FffARPfn5ZxCqClZDukVzRLhJxw/getUpdates "HTTP/1.1 200 OK"
2024-08-29 20:27:46,006 - httpx - INFO - HTTP Request: POST https://api.telegram.org/bot7228712847:AAHWgEy-FffARPfn5ZxCqClZDukVzRLhJxw/deleteMessage "HTTP/1.1 200 OK"
2024-08-29 20:27:46,743 - httpx - INFO - HTTP Request: POST https://api.telegram.org/bot7228712847:AAHWgEy-FffARPfn5ZxCqClZDukVzRLhJxw/sendMessage "HTTP/1.1 200 OK"
2024-08-29 20:27:47,138 - httpx - INFO - HTTP Request: POST https://api.telegram.org/bot7228712847:AAHWgEy-FffARPfn5ZxCqClZDukVzRLhJxw/sendMessage "HTTP/1.1 200 OK"
2024-08-29 20:27:55,056 - httpx - INFO - HTTP Request: POST https://api.telegram.org/bot7228712847:AAHWgEy-FffARPfn5ZxCqClZDukVzRLhJxw/getUpdates "HTTP/1.1 200 OK"
2024-08-29 20:27:59,734 - httpx - INFO - HTTP Request: POST https://api.telegram.org/bot7228712847:AAHWgEy-FffARPfn5ZxCqClZDukVzRLhJxw/getUpdates "HTTP/1.1 200 OK"
2024-08-29 20:28:00,491 - httpx - INFO - HTTP Request: POST https://api.telegram.org/bot7228712847:AAHWgEy-FffARPfn5ZxCqClZDukVzRLhJxw/deleteMessage "HTTP/1.1 200 OK"
2024-08-29 20:28:00,901 - httpx - INFO - HTTP Request: POST https://api.telegram.org/bot7228712847:AAHWgEy-FffARPfn5ZxCqClZDukVzRLhJxw/sendMessage "HTTP/1.1 200 OK"
2024-08-29 20:28:01,293 - httpx - INFO - HTTP Request: POST https://api.telegram.org/bot7228712847:AAHWgEy-FffARPfn5ZxCqClZDukVzRLhJxw/sendMessage "HTTP/1.1 200 OK"
2024-08-29 20:28:09,947 - httpx - INFO - HTTP Request: POST https://api.telegram.org/bot7228712847:AAHWgEy-FffARPfn5ZxCqClZDukVzRLhJxw/getUpdates "HTTP/1.1 200 OK"
2024-08-29 20:28:13,870 - httpx - INFO - HTTP Request: POST https://api.telegram.org/bot7228712847:AAHWgEy-FffARPfn5ZxCqClZDukVzRLhJxw/getUpdates "HTTP/1.1 200 OK"
2024-08-29 20:28:14,684 - httpx - INFO - HTTP Request: POST https://api.telegram.org/bot7228712847:AAHWgEy-FffARPfn5ZxCqClZDukVzRLhJxw/deleteMessage "HTTP/1.1 200 OK"
2024-08-29 20:28:15,116 - httpx - INFO - HTTP Request: POST https://api.telegram.org/bot7228712847:AAHWgEy-FffARPfn5ZxCqClZDukVzRLhJxw/sendMessage "HTTP/1.1 200 OK"
2024-08-29 20:28:15,520 - httpx - INFO - HTTP Request: POST https://api.telegram.org/bot7228712847:AAHWgEy-FffARPfn5ZxCqClZDukVzRLhJxw/sendMessage "HTTP/1.1 200 OK"
2024-08-29 20:28:21,675 - httpx - INFO - HTTP Request: POST https://api.telegram.org/bot7228712847:AAHWgEy-FffARPfn5ZxCqClZDukVzRLhJxw/getUpdates "HTTP/1.1 200 OK"
2024-08-29 20:28:21,676 - handlers.filter_handler - INFO - Processed message from user CA TAK - ADS TEAM 1 (@Kakalot5678) in chat -1002162228603
2024-08-29 20:28:31,864 - httpx - INFO - HTTP Request: POST https://api.telegram.org/bot7228712847:AAHWgEy-FffARPfn5ZxCqClZDukVzRLhJxw/getUpdates "HTTP/1.1 200 OK"
2024-08-29 20:28:42,053 - httpx - INFO - HTTP Request: POST https://api.telegram.org/bot7228712847:AAHWgEy-FffARPfn5ZxCqClZDukVzRLhJxw/getUpdates "HTTP/1.1 200 OK"
2024-08-29 20:28:42,240 - httpx - INFO - HTTP Request: POST https://api.telegram.org/bot7228712847:AAHWgEy-FffARPfn5ZxCqClZDukVzRLhJxw/getUpdates "HTTP/1.1 200 OK"
2024-08-29 20:28:43,112 - httpx - INFO - HTTP Request: POST https://api.telegram.org/bot7228712847:AAHWgEy-FffARPfn5ZxCqClZDukVzRLhJxw/sendMessage "HTTP/1.1 200 OK"
2024-08-29 20:28:52,432 - httpx - INFO - HTTP Request: POST https://api.telegram.org/bot7228712847:AAHWgEy-FffARPfn5ZxCqClZDukVzRLhJxw/getUpdates "HTTP/1.1 200 OK"
2024-08-29 20:29:02,633 - httpx - INFO - HTTP Request: POST https://api.telegram.org/bot7228712847:AAHWgEy-FffARPfn5ZxCqClZDukVzRLhJxw/getUpdates "HTTP/1.1 200 OK"
2024-08-29 20:29:12,820 - httpx - INFO - HTTP Request: POST https://api.telegram.org/bot7228712847:AAHWgEy-FffARPfn5ZxCqClZDukVzRLhJxw/getUpdates "HTTP/1.1 200 OK"
2024-08-29 20:29:17,368 - httpx - INFO - HTTP Request: POST https://api.telegram.org/bot7228712847:AAHWgEy-FffARPfn5ZxCqClZDukVzRLhJxw/getUpdates "HTTP/1.1 200 OK"
2024-08-29 20:29:18,191 - httpx - INFO - HTTP Request: POST https://api.telegram.org/bot7228712847:AAHWgEy-FffARPfn5ZxCqClZDukVzRLhJxw/sendMessage "HTTP/1.1 200 OK"
2024-08-29 20:29:18,192 - handlers.checkin_handler - INFO - User Kakalot5678 checked in successfully in chat -1002183797140
2024-08-29 20:29:27,563 - httpx - INFO - HTTP Request: POST https://api.telegram.org/bot7228712847:AAHWgEy-FffARPfn5ZxCqClZDukVzRLhJxw/getUpdates "HTTP/1.1 200 OK"
2024-08-29 20:29:37,754 - httpx - INFO - HTTP Request: POST https://api.telegram.org/bot7228712847:AAHWgEy-FffARPfn5ZxCqClZDukVzRLhJxw/getUpdates "HTTP/1.1 200 OK"
2024-08-29 20:29:47,938 - httpx - INFO - HTTP Request: POST https://api.telegram.org/bot7228712847:AAHWgEy-FffARPfn5ZxCqClZDukVzRLhJxw/getUpdates "HTTP/1.1 200 OK"
2024-08-29 20:29:57,311 - httpx - INFO - HTTP Request: POST https://api.telegram.org/bot7228712847:AAHWgEy-FffARPfn5ZxCqClZDukVzRLhJxw/getUpdates "HTTP/1.1 200 OK"
2024-08-29 20:29:57,312 - telegram.ext.Application - INFO - Application is stopping. This might take a moment.
2024-08-29 20:29:57,313 - apscheduler.scheduler - INFO - Scheduler has been shut down
2024-08-29 20:29:57,314 - telegram.ext.Application - INFO - Application.stop() complete
2024-08-29 20:34:26,975 - httpx - INFO - HTTP Request: POST https://api.telegram.org/bot7228712847:AAHWgEy-FffARPfn5ZxCqClZDukVzRLhJxw/getMe "HTTP/1.1 200 OK"
2024-08-29 20:34:27,172 - httpx - INFO - HTTP Request: POST https://api.telegram.org/bot7228712847:AAHWgEy-FffARPfn5ZxCqClZDukVzRLhJxw/deleteWebhook "HTTP/1.1 200 OK"
2024-08-29 20:34:27,174 - apscheduler.scheduler - INFO - Scheduler started
2024-08-29 20:34:27,174 - telegram.ext.Application - INFO - Application started
2024-08-29 20:34:30,579 - httpx - INFO - HTTP Request: POST https://api.telegram.org/bot7228712847:AAHWgEy-FffARPfn5ZxCqClZDukVzRLhJxw/getUpdates "HTTP/1.1 200 OK"
2024-08-29 20:34:40,767 - httpx - INFO - HTTP Request: POST https://api.telegram.org/bot7228712847:AAHWgEy-FffARPfn5ZxCqClZDukVzRLhJxw/getUpdates "HTTP/1.1 200 OK"
2024-08-29 20:34:49,468 - httpx - INFO - HTTP Request: POST https://api.telegram.org/bot7228712847:AAHWgEy-FffARPfn5ZxCqClZDukVzRLhJxw/getUpdates "HTTP/1.1 200 OK"
2024-08-29 20:34:53,345 - httpx - INFO - HTTP Request: POST https://api.telegram.org/bot7228712847:AAHWgEy-FffARPfn5ZxCqClZDukVzRLhJxw/getUpdates "HTTP/1.1 200 OK"
2024-08-29 20:34:59,397 - httpx - INFO - HTTP Request: POST https://api.telegram.org/bot7228712847:AAHWgEy-FffARPfn5ZxCqClZDukVzRLhJxw/getUpdates "HTTP/1.1 200 OK"
2024-08-29 20:34:59,398 - telegram.ext.Application - INFO - Application is stopping. This might take a moment.
2024-08-29 20:34:59,398 - apscheduler.scheduler - INFO - Scheduler has been shut down
2024-08-29 20:34:59,399 - telegram.ext.Application - INFO - Application.stop() complete
2024-08-29 20:35:24,921 - httpx - INFO - HTTP Request: POST https://api.telegram.org/bot7228712847:AAHWgEy-FffARPfn5ZxCqClZDukVzRLhJxw/getMe "HTTP/1.1 200 OK"
2024-08-29 20:35:25,110 - httpx - INFO - HTTP Request: POST https://api.telegram.org/bot7228712847:AAHWgEy-FffARPfn5ZxCqClZDukVzRLhJxw/deleteWebhook "HTTP/1.1 200 OK"
2024-08-29 20:35:25,112 - apscheduler.scheduler - INFO - Scheduler started
2024-08-29 20:35:25,113 - telegram.ext.Application - INFO - Application started
2024-08-29 20:35:27,570 - httpx - INFO - HTTP Request: POST https://api.telegram.org/bot7228712847:AAHWgEy-FffARPfn5ZxCqClZDukVzRLhJxw/getUpdates "HTTP/1.1 200 OK"
2024-08-29 20:35:30,794 - httpx - INFO - HTTP Request: POST https://api.telegram.org/bot7228712847:AAHWgEy-FffARPfn5ZxCqClZDukVzRLhJxw/getUpdates "HTTP/1.1 200 OK"
2024-08-29 20:35:40,981 - httpx - INFO - HTTP Request: POST https://api.telegram.org/bot7228712847:AAHWgEy-FffARPfn5ZxCqClZDukVzRLhJxw/getUpdates "HTTP/1.1 200 OK"
2024-08-29 20:35:51,178 - httpx - INFO - HTTP Request: POST https://api.telegram.org/bot7228712847:AAHWgEy-FffARPfn5ZxCqClZDukVzRLhJxw/getUpdates "HTTP/1.1 200 OK"
2024-08-29 20:36:01,371 - httpx - INFO - HTTP Request: POST https://api.telegram.org/bot7228712847:AAHWgEy-FffARPfn5ZxCqClZDukVzRLhJxw/getUpdates "HTTP/1.1 200 OK"
2024-08-29 20:36:11,564 - httpx - INFO - HTTP Request: POST https://api.telegram.org/bot7228712847:AAHWgEy-FffARPfn5ZxCqClZDukVzRLhJxw/getUpdates "HTTP/1.1 200 OK"
2024-08-29 20:36:21,754 - httpx - INFO - HTTP Request: POST https://api.telegram.org/bot7228712847:AAHWgEy-FffARPfn5ZxCqClZDukVzRLhJxw/getUpdates "HTTP/1.1 200 OK"
2024-08-29 20:36:28,743 - httpx - INFO - HTTP Request: POST https://api.telegram.org/bot7228712847:AAHWgEy-FffARPfn5ZxCqClZDukVzRLhJxw/getUpdates "HTTP/1.1 200 OK"
2024-08-29 20:36:28,744 - telegram.ext.Application - INFO - Application is stopping. This might take a moment.
2024-08-29 20:36:28,745 - apscheduler.scheduler - INFO - Scheduler has been shut down
2024-08-29 20:36:28,745 - telegram.ext.Application - INFO - Application.stop() complete
2024-08-29 20:40:31,039 - httpx - INFO - HTTP Request: POST https://api.telegram.org/bot7228712847:AAHWgEy-FffARPfn5ZxCqClZDukVzRLhJxw/getMe "HTTP/1.1 200 OK"
2024-08-29 20:40:31,247 - httpx - INFO - HTTP Request: POST https://api.telegram.org/bot7228712847:AAHWgEy-FffARPfn5ZxCqClZDukVzRLhJxw/deleteWebhook "HTTP/1.1 200 OK"
2024-08-29 20:40:31,249 - apscheduler.scheduler - INFO - Scheduler started
2024-08-29 20:40:31,249 - telegram.ext.Application - INFO - Application started
2024-08-29 20:40:36,099 - httpx - INFO - HTTP Request: POST https://api.telegram.org/bot7228712847:AAHWgEy-FffARPfn5ZxCqClZDukVzRLhJxw/getUpdates "HTTP/1.1 200 OK"
2024-08-29 20:40:46,292 - httpx - INFO - HTTP Request: POST https://api.telegram.org/bot7228712847:AAHWgEy-FffARPfn5ZxCqClZDukVzRLhJxw/getUpdates "HTTP/1.1 200 OK"
2024-08-29 20:40:47,349 - httpx - INFO - HTTP Request: POST https://api.telegram.org/bot7228712847:AAHWgEy-FffARPfn5ZxCqClZDukVzRLhJxw/getUpdates "HTTP/1.1 200 OK"
2024-08-29 20:40:57,542 - httpx - INFO - HTTP Request: POST https://api.telegram.org/bot7228712847:AAHWgEy-FffARPfn5ZxCqClZDukVzRLhJxw/getUpdates "HTTP/1.1 200 OK"
2024-08-29 20:41:07,734 - httpx - INFO - HTTP Request: POST https://api.telegram.org/bot7228712847:AAHWgEy-FffARPfn5ZxCqClZDukVzRLhJxw/getUpdates "HTTP/1.1 200 OK"
2024-08-29 20:41:17,932 - httpx - INFO - HTTP Request: POST https://api.telegram.org/bot7228712847:AAHWgEy-FffARPfn5ZxCqClZDukVzRLhJxw/getUpdates "HTTP/1.1 200 OK"
2024-08-29 20:41:28,125 - httpx - INFO - HTTP Request: POST https://api.telegram.org/bot7228712847:AAHWgEy-FffARPfn5ZxCqClZDukVzRLhJxw/getUpdates "HTTP/1.1 200 OK"
2024-08-29 20:41:38,315 - httpx - INFO - HTTP Request: POST https://api.telegram.org/bot7228712847:AAHWgEy-FffARPfn5ZxCqClZDukVzRLhJxw/getUpdates "HTTP/1.1 200 OK"
2024-08-29 20:41:48,513 - httpx - INFO - HTTP Request: POST https://api.telegram.org/bot7228712847:AAHWgEy-FffARPfn5ZxCqClZDukVzRLhJxw/getUpdates "HTTP/1.1 200 OK"
2024-08-29 20:41:58,724 - httpx - INFO - HTTP Request: POST https://api.telegram.org/bot7228712847:AAHWgEy-FffARPfn5ZxCqClZDukVzRLhJxw/getUpdates "HTTP/1.1 200 OK"
2024-08-29 20:42:08,920 - httpx - INFO - HTTP Request: POST https://api.telegram.org/bot7228712847:AAHWgEy-FffARPfn5ZxCqClZDukVzRLhJxw/getUpdates "HTTP/1.1 200 OK"
2024-08-29 20:42:11,126 - httpx - INFO - HTTP Request: POST https://api.telegram.org/bot7228712847:AAHWgEy-FffARPfn5ZxCqClZDukVzRLhJxw/getUpdates "HTTP/1.1 200 OK"
2024-08-29 20:42:18,864 - httpx - INFO - HTTP Request: POST https://api.telegram.org/bot7228712847:AAHWgEy-FffARPfn5ZxCqClZDukVzRLhJxw/getUpdates "HTTP/1.1 200 OK"
2024-08-29 20:42:18,864 - telegram.ext.Application - INFO - Application is stopping. This might take a moment.
2024-08-29 20:42:18,865 - apscheduler.scheduler - INFO - Scheduler has been shut down
2024-08-29 20:42:18,865 - telegram.ext.Application - INFO - Application.stop() complete
2024-08-29 20:43:46,689 - httpx - INFO - HTTP Request: POST https://api.telegram.org/bot7228712847:AAHWgEy-FffARPfn5ZxCqClZDukVzRLhJxw/getMe "HTTP/1.1 200 OK"
2024-08-29 20:43:46,898 - httpx - INFO - HTTP Request: POST https://api.telegram.org/bot7228712847:AAHWgEy-FffARPfn5ZxCqClZDukVzRLhJxw/deleteWebhook "HTTP/1.1 200 OK"
2024-08-29 20:43:46,901 - apscheduler.scheduler - INFO - Scheduler started
2024-08-29 20:43:46,902 - telegram.ext.Application - INFO - Application started
2024-08-29 20:43:51,549 - httpx - INFO - HTTP Request: POST https://api.telegram.org/bot7228712847:AAHWgEy-FffARPfn5ZxCqClZDukVzRLhJxw/getUpdates "HTTP/1.1 200 OK"
2024-08-29 20:43:53,071 - httpx - INFO - HTTP Request: POST https://api.telegram.org/bot7228712847:AAHWgEy-FffARPfn5ZxCqClZDukVzRLhJxw/getUpdates "HTTP/1.1 200 OK"
2024-08-29 20:44:00,670 - httpx - INFO - HTTP Request: POST https://api.telegram.org/bot7228712847:AAHWgEy-FffARPfn5ZxCqClZDukVzRLhJxw/getUpdates "HTTP/1.1 200 OK"
2024-08-29 20:44:10,860 - httpx - INFO - HTTP Request: POST https://api.telegram.org/bot7228712847:AAHWgEy-FffARPfn5ZxCqClZDukVzRLhJxw/getUpdates "HTTP/1.1 200 OK"
2024-08-29 20:44:16,687 - httpx - INFO - HTTP Request: POST https://api.telegram.org/bot7228712847:AAHWgEy-FffARPfn5ZxCqClZDukVzRLhJxw/getUpdates "HTTP/1.1 200 OK"
2024-08-29 20:44:26,875 - httpx - INFO - HTTP Request: POST https://api.telegram.org/bot7228712847:AAHWgEy-FffARPfn5ZxCqClZDukVzRLhJxw/getUpdates "HTTP/1.1 200 OK"
2024-08-29 20:44:27,313 - httpx - INFO - HTTP Request: POST https://api.telegram.org/bot7228712847:AAHWgEy-FffARPfn5ZxCqClZDukVzRLhJxw/getUpdates "HTTP/1.1 200 OK"
2024-08-29 20:44:27,314 - __main__ - INFO - Message received in group from CA TAK - ADS TEAM 1
2024-08-29 20:44:28,140 - httpx - INFO - HTTP Request: POST https://api.telegram.org/bot7228712847:AAHWgEy-FffARPfn5ZxCqClZDukVzRLhJxw/deleteMessage "HTTP/1.1 200 OK"
2024-08-29 20:44:28,612 - httpx - INFO - HTTP Request: POST https://api.telegram.org/bot7228712847:AAHWgEy-FffARPfn5ZxCqClZDukVzRLhJxw/sendMessage "HTTP/1.1 200 OK"
2024-08-29 20:44:29,131 - httpx - INFO - HTTP Request: POST https://api.telegram.org/bot7228712847:AAHWgEy-FffARPfn5ZxCqClZDukVzRLhJxw/sendMessage "HTTP/1.1 200 OK"
2024-08-29 20:44:36,623 - httpx - INFO - HTTP Request: POST https://api.telegram.org/bot7228712847:AAHWgEy-FffARPfn5ZxCqClZDukVzRLhJxw/getUpdates "HTTP/1.1 200 OK"
2024-08-29 20:44:36,624 - telegram.ext.Application - INFO - Application is stopping. This might take a moment.
2024-08-29 20:44:36,624 - apscheduler.scheduler - INFO - Scheduler has been shut down
2024-08-29 20:44:36,624 - telegram.ext.Application - INFO - Application.stop() complete
2024-08-29 20:53:56,261 - httpx - INFO - HTTP Request: POST https://api.telegram.org/bot7228712847:AAHWgEy-FffARPfn5ZxCqClZDukVzRLhJxw/getMe "HTTP/1.1 200 OK"
2024-08-29 20:53:56,451 - httpx - INFO - HTTP Request: POST https://api.telegram.org/bot7228712847:AAHWgEy-FffARPfn5ZxCqClZDukVzRLhJxw/deleteWebhook "HTTP/1.1 200 OK"
2024-08-29 20:53:56,452 - apscheduler.scheduler - INFO - Scheduler started
2024-08-29 20:53:56,452 - telegram.ext.Application - INFO - Application started
2024-08-29 20:54:05,129 - httpx - INFO - HTTP Request: POST https://api.telegram.org/bot7228712847:AAHWgEy-FffARPfn5ZxCqClZDukVzRLhJxw/getUpdates "HTTP/1.1 200 OK"
2024-08-29 20:54:15,332 - httpx - INFO - HTTP Request: POST https://api.telegram.org/bot7228712847:AAHWgEy-FffARPfn5ZxCqClZDukVzRLhJxw/getUpdates "HTTP/1.1 200 OK"
2024-08-29 20:54:22,349 - httpx - INFO - HTTP Request: POST https://api.telegram.org/bot7228712847:AAHWgEy-FffARPfn5ZxCqClZDukVzRLhJxw/getUpdates "HTTP/1.1 200 OK"
2024-08-29 20:54:31,442 - httpx - INFO - HTTP Request: POST https://api.telegram.org/bot7228712847:AAHWgEy-FffARPfn5ZxCqClZDukVzRLhJxw/getUpdates "HTTP/1.1 200 OK"
2024-08-29 20:54:37,060 - httpx - INFO - HTTP Request: POST https://api.telegram.org/bot7228712847:AAHWgEy-FffARPfn5ZxCqClZDukVzRLhJxw/getUpdates "HTTP/1.1 200 OK"
2024-08-29 20:54:37,061 - telegram.ext.Application - INFO - Application is stopping. This might take a moment.
2024-08-29 20:54:37,062 - apscheduler.scheduler - INFO - Scheduler has been shut down
2024-08-29 20:54:37,062 - telegram.ext.Application - INFO - Application.stop() complete
2024-08-29 21:01:19,950 - httpx - INFO - HTTP Request: POST https://api.telegram.org/bot7228712847:AAHWgEy-FffARPfn5ZxCqClZDukVzRLhJxw/getMe "HTTP/1.1 200 OK"
2024-08-29 21:01:20,166 - httpx - INFO - HTTP Request: POST https://api.telegram.org/bot7228712847:AAHWgEy-FffARPfn5ZxCqClZDukVzRLhJxw/deleteWebhook "HTTP/1.1 200 OK"
2024-08-29 21:01:20,168 - apscheduler.scheduler - INFO - Scheduler started
2024-08-29 21:01:20,168 - telegram.ext.Application - INFO - Application started
2024-08-29 21:01:30,735 - httpx - INFO - HTTP Request: POST https://api.telegram.org/bot7228712847:AAHWgEy-FffARPfn5ZxCqClZDukVzRLhJxw/getUpdates "HTTP/1.1 200 OK"
2024-08-29 21:01:37,204 - httpx - INFO - HTTP Request: POST https://api.telegram.org/bot7228712847:AAHWgEy-FffARPfn5ZxCqClZDukVzRLhJxw/getUpdates "HTTP/1.1 200 OK"
2024-08-29 21:01:46,047 - httpx - INFO - HTTP Request: POST https://api.telegram.org/bot7228712847:AAHWgEy-FffARPfn5ZxCqClZDukVzRLhJxw/getUpdates "HTTP/1.1 200 OK"
2024-08-29 21:01:56,240 - httpx - INFO - HTTP Request: POST https://api.telegram.org/bot7228712847:AAHWgEy-FffARPfn5ZxCqClZDukVzRLhJxw/getUpdates "HTTP/1.1 200 OK"
2024-08-29 21:02:06,448 - httpx - INFO - HTTP Request: POST https://api.telegram.org/bot7228712847:AAHWgEy-FffARPfn5ZxCqClZDukVzRLhJxw/getUpdates "HTTP/1.1 200 OK"
2024-08-29 21:02:16,637 - httpx - INFO - HTTP Request: POST https://api.telegram.org/bot7228712847:AAHWgEy-FffARPfn5ZxCqClZDukVzRLhJxw/getUpdates "HTTP/1.1 200 OK"
2024-08-29 21:02:26,839 - httpx - INFO - HTTP Request: POST https://api.telegram.org/bot7228712847:AAHWgEy-FffARPfn5ZxCqClZDukVzRLhJxw/getUpdates "HTTP/1.1 200 OK"
2024-08-29 21:02:37,142 - httpx - INFO - HTTP Request: POST https://api.telegram.org/bot7228712847:AAHWgEy-FffARPfn5ZxCqClZDukVzRLhJxw/getUpdates "HTTP/1.1 200 OK"
2024-08-29 21:02:47,337 - httpx - INFO - HTTP Request: POST https://api.telegram.org/bot7228712847:AAHWgEy-FffARPfn5ZxCqClZDukVzRLhJxw/getUpdates "HTTP/1.1 200 OK"
2024-08-29 21:02:57,535 - httpx - INFO - HTTP Request: POST https://api.telegram.org/bot7228712847:AAHWgEy-FffARPfn5ZxCqClZDukVzRLhJxw/getUpdates "HTTP/1.1 200 OK"
2024-08-29 21:03:07,742 - httpx - INFO - HTTP Request: POST https://api.telegram.org/bot7228712847:AAHWgEy-FffARPfn5ZxCqClZDukVzRLhJxw/getUpdates "HTTP/1.1 200 OK"
2024-08-29 21:03:17,929 - httpx - INFO - HTTP Request: POST https://api.telegram.org/bot7228712847:AAHWgEy-FffARPfn5ZxCqClZDukVzRLhJxw/getUpdates "HTTP/1.1 200 OK"
2024-08-29 21:03:28,123 - httpx - INFO - HTTP Request: POST https://api.telegram.org/bot7228712847:AAHWgEy-FffARPfn5ZxCqClZDukVzRLhJxw/getUpdates "HTTP/1.1 200 OK"
2024-08-29 21:03:36,445 - httpx - INFO - HTTP Request: POST https://api.telegram.org/bot7228712847:AAHWgEy-FffARPfn5ZxCqClZDukVzRLhJxw/getUpdates "HTTP/1.1 200 OK"
2024-08-29 21:03:36,445 - telegram.ext.Application - INFO - Application is stopping. This might take a moment.
2024-08-29 21:03:36,446 - apscheduler.scheduler - INFO - Scheduler has been shut down
2024-08-29 21:03:36,446 - telegram.ext.Application - INFO - Application.stop() complete
2024-08-29 21:04:11,909 - httpx - INFO - HTTP Request: POST https://api.telegram.org/bot7228712847:AAHWgEy-FffARPfn5ZxCqClZDukVzRLhJxw/getMe "HTTP/1.1 200 OK"
2024-08-29 21:04:12,106 - httpx - INFO - HTTP Request: POST https://api.telegram.org/bot7228712847:AAHWgEy-FffARPfn5ZxCqClZDukVzRLhJxw/deleteWebhook "HTTP/1.1 200 OK"
2024-08-29 21:04:12,107 - apscheduler.scheduler - INFO - Scheduler started
2024-08-29 21:04:12,107 - telegram.ext.Application - INFO - Application started
2024-08-29 21:04:16,182 - httpx - INFO - HTTP Request: POST https://api.telegram.org/bot7228712847:AAHWgEy-FffARPfn5ZxCqClZDukVzRLhJxw/getUpdates "HTTP/1.1 200 OK"
2024-08-29 21:04:16,183 - telegram.ext.Application - INFO - Application is stopping. This might take a moment.
2024-08-29 21:04:16,183 - apscheduler.scheduler - INFO - Scheduler has been shut down
2024-08-29 21:04:16,183 - telegram.ext.Application - INFO - Application.stop() complete
2024-08-29 21:04:29,981 - httpx - INFO - HTTP Request: POST https://api.telegram.org/bot7228712847:AAHWgEy-FffARPfn5ZxCqClZDukVzRLhJxw/getMe "HTTP/1.1 200 OK"
2024-08-29 21:04:30,190 - httpx - INFO - HTTP Request: POST https://api.telegram.org/bot7228712847:AAHWgEy-FffARPfn5ZxCqClZDukVzRLhJxw/deleteWebhook "HTTP/1.1 200 OK"
2024-08-29 21:04:30,191 - apscheduler.scheduler - INFO - Scheduler started
2024-08-29 21:04:30,192 - telegram.ext.Application - INFO - Application started
2024-08-29 21:04:36,233 - httpx - INFO - HTTP Request: POST https://api.telegram.org/bot7228712847:AAHWgEy-FffARPfn5ZxCqClZDukVzRLhJxw/getUpdates "HTTP/1.1 200 OK"
2024-08-29 21:04:46,491 - httpx - INFO - HTTP Request: POST https://api.telegram.org/bot7228712847:AAHWgEy-FffARPfn5ZxCqClZDukVzRLhJxw/getUpdates "HTTP/1.1 200 OK"
2024-08-29 21:04:56,416 - httpx - INFO - HTTP Request: POST https://api.telegram.org/bot7228712847:AAHWgEy-FffARPfn5ZxCqClZDukVzRLhJxw/getUpdates "HTTP/1.1 200 OK"
2024-08-29 21:04:56,417 - __main__ - INFO - Received 'okpay' from CA TAK - ADS TEAM 1 in chat -1002162228603
2024-08-29 21:04:57,218 - httpx - INFO - HTTP Request: POST https://api.telegram.org/bot7228712847:AAHWgEy-FffARPfn5ZxCqClZDukVzRLhJxw/sendMessage "HTTP/1.1 200 OK"
2024-08-29 21:05:01,090 - httpx - INFO - HTTP Request: POST https://api.telegram.org/bot7228712847:AAHWgEy-FffARPfn5ZxCqClZDukVzRLhJxw/getUpdates "HTTP/1.1 200 OK"
2024-08-29 21:05:01,091 - __main__ - INFO - Received 'okpay' from Minh Trung in chat -1002162228603
2024-08-29 21:05:01,621 - httpx - INFO - HTTP Request: POST https://api.telegram.org/bot7228712847:AAHWgEy-FffARPfn5ZxCqClZDukVzRLhJxw/sendMessage "HTTP/1.1 200 OK"
2024-08-29 21:05:10,771 - httpx - INFO - HTTP Request: POST https://api.telegram.org/bot7228712847:AAHWgEy-FffARPfn5ZxCqClZDukVzRLhJxw/getUpdates "HTTP/1.1 200 OK"
2024-08-29 21:05:20,970 - httpx - INFO - HTTP Request: POST https://api.telegram.org/bot7228712847:AAHWgEy-FffARPfn5ZxCqClZDukVzRLhJxw/getUpdates "HTTP/1.1 200 OK"
2024-08-29 21:05:29,881 - httpx - INFO - HTTP Request: POST https://api.telegram.org/bot7228712847:AAHWgEy-FffARPfn5ZxCqClZDukVzRLhJxw/getMe "HTTP/1.1 200 OK"
2024-08-29 21:05:30,075 - httpx - INFO - HTTP Request: POST https://api.telegram.org/bot7228712847:AAHWgEy-FffARPfn5ZxCqClZDukVzRLhJxw/deleteWebhook "HTTP/1.1 200 OK"
2024-08-29 21:05:30,077 - apscheduler.scheduler - INFO - Scheduler started
2024-08-29 21:05:30,077 - telegram.ext.Application - INFO - Application started
2024-08-29 21:05:36,489 - httpx - INFO - HTTP Request: POST https://api.telegram.org/bot7228712847:AAHWgEy-FffARPfn5ZxCqClZDukVzRLhJxw/getUpdates "HTTP/1.1 200 OK"
2024-08-29 21:05:46,724 - httpx - INFO - HTTP Request: POST https://api.telegram.org/bot7228712847:AAHWgEy-FffARPfn5ZxCqClZDukVzRLhJxw/getUpdates "HTTP/1.1 200 OK"
2024-08-29 21:05:54,491 - httpx - INFO - HTTP Request: POST https://api.telegram.org/bot7228712847:AAHWgEy-FffARPfn5ZxCqClZDukVzRLhJxw/getUpdates "HTTP/1.1 200 OK"
2024-08-29 21:05:54,491 - telegram.ext.Application - INFO - Application is stopping. This might take a moment.
2024-08-29 21:05:54,493 - apscheduler.scheduler - INFO - Scheduler has been shut down
2024-08-29 21:05:54,493 - telegram.ext.Application - INFO - Application.stop() complete
2024-08-29 21:10:51,804 - httpx - INFO - HTTP Request: POST https://api.telegram.org/bot7228712847:AAHWgEy-FffARPfn5ZxCqClZDukVzRLhJxw/getMe "HTTP/1.1 200 OK"
2024-08-29 21:10:51,993 - httpx - INFO - HTTP Request: POST https://api.telegram.org/bot7228712847:AAHWgEy-FffARPfn5ZxCqClZDukVzRLhJxw/deleteWebhook "HTTP/1.1 200 OK"
2024-08-29 21:10:51,996 - apscheduler.scheduler - INFO - Scheduler started
2024-08-29 21:10:51,997 - telegram.ext.Application - INFO - Application started
2024-08-29 21:11:02,563 - httpx - INFO - HTTP Request: POST https://api.telegram.org/bot7228712847:AAHWgEy-FffARPfn5ZxCqClZDukVzRLhJxw/getUpdates "HTTP/1.1 200 OK"
2024-08-29 21:11:10,848 - httpx - INFO - HTTP Request: POST https://api.telegram.org/bot7228712847:AAHWgEy-FffARPfn5ZxCqClZDukVzRLhJxw/getUpdates "HTTP/1.1 200 OK"
2024-08-29 21:11:21,038 - httpx - INFO - HTTP Request: POST https://api.telegram.org/bot7228712847:AAHWgEy-FffARPfn5ZxCqClZDukVzRLhJxw/getUpdates "HTTP/1.1 200 OK"
2024-08-29 21:11:31,227 - httpx - INFO - HTTP Request: POST https://api.telegram.org/bot7228712847:AAHWgEy-FffARPfn5ZxCqClZDukVzRLhJxw/getUpdates "HTTP/1.1 200 OK"
2024-08-29 21:11:37,688 - httpx - INFO - HTTP Request: POST https://api.telegram.org/bot7228712847:AAHWgEy-FffARPfn5ZxCqClZDukVzRLhJxw/getUpdates "HTTP/1.1 200 OK"
2024-08-29 21:11:37,689 - telegram.ext.Application - INFO - Application is stopping. This might take a moment.
2024-08-29 21:11:37,689 - apscheduler.scheduler - INFO - Scheduler has been shut down
2024-08-29 21:11:37,689 - telegram.ext.Application - INFO - Application.stop() complete
2024-08-29 21:11:51,260 - httpx - INFO - HTTP Request: POST https://api.telegram.org/bot7228712847:AAHWgEy-FffARPfn5ZxCqClZDukVzRLhJxw/getMe "HTTP/1.1 200 OK"
2024-08-29 21:11:51,449 - httpx - INFO - HTTP Request: POST https://api.telegram.org/bot7228712847:AAHWgEy-FffARPfn5ZxCqClZDukVzRLhJxw/deleteWebhook "HTTP/1.1 200 OK"
2024-08-29 21:11:51,450 - apscheduler.scheduler - INFO - Scheduler started
2024-08-29 21:11:51,450 - telegram.ext.Application - INFO - Application started
2024-08-29 21:11:53,070 - httpx - INFO - HTTP Request: POST https://api.telegram.org/bot7228712847:AAHWgEy-FffARPfn5ZxCqClZDukVzRLhJxw/getUpdates "HTTP/1.1 200 OK"
2024-08-29 21:11:57,068 - httpx - INFO - HTTP Request: POST https://api.telegram.org/bot7228712847:AAHWgEy-FffARPfn5ZxCqClZDukVzRLhJxw/getUpdates "HTTP/1.1 200 OK"
2024-08-29 21:12:07,266 - httpx - INFO - HTTP Request: POST https://api.telegram.org/bot7228712847:AAHWgEy-FffARPfn5ZxCqClZDukVzRLhJxw/getUpdates "HTTP/1.1 200 OK"
2024-08-29 21:12:17,464 - httpx - INFO - HTTP Request: POST https://api.telegram.org/bot7228712847:AAHWgEy-FffARPfn5ZxCqClZDukVzRLhJxw/getUpdates "HTTP/1.1 200 OK"
2024-08-29 21:12:27,663 - httpx - INFO - HTTP Request: POST https://api.telegram.org/bot7228712847:AAHWgEy-FffARPfn5ZxCqClZDukVzRLhJxw/getUpdates "HTTP/1.1 200 OK"
2024-08-29 21:12:37,866 - httpx - INFO - HTTP Request: POST https://api.telegram.org/bot7228712847:AAHWgEy-FffARPfn5ZxCqClZDukVzRLhJxw/getUpdates "HTTP/1.1 200 OK"
2024-08-29 21:12:48,064 - httpx - INFO - HTTP Request: POST https://api.telegram.org/bot7228712847:AAHWgEy-FffARPfn5ZxCqClZDukVzRLhJxw/getUpdates "HTTP/1.1 200 OK"
2024-08-29 21:12:58,264 - httpx - INFO - HTTP Request: POST https://api.telegram.org/bot7228712847:AAHWgEy-FffARPfn5ZxCqClZDukVzRLhJxw/getUpdates "HTTP/1.1 200 OK"
2024-08-29 21:13:08,463 - httpx - INFO - HTTP Request: POST https://api.telegram.org/bot7228712847:AAHWgEy-FffARPfn5ZxCqClZDukVzRLhJxw/getUpdates "HTTP/1.1 200 OK"
2024-08-29 21:13:18,665 - httpx - INFO - HTTP Request: POST https://api.telegram.org/bot7228712847:AAHWgEy-FffARPfn5ZxCqClZDukVzRLhJxw/getUpdates "HTTP/1.1 200 OK"
2024-08-29 21:13:28,863 - httpx - INFO - HTTP Request: POST https://api.telegram.org/bot7228712847:AAHWgEy-FffARPfn5ZxCqClZDukVzRLhJxw/getUpdates "HTTP/1.1 200 OK"
2024-08-29 21:13:39,061 - httpx - INFO - HTTP Request: POST https://api.telegram.org/bot7228712847:AAHWgEy-FffARPfn5ZxCqClZDukVzRLhJxw/getUpdates "HTTP/1.1 200 OK"
2024-08-29 21:13:49,260 - httpx - INFO - HTTP Request: POST https://api.telegram.org/bot7228712847:AAHWgEy-FffARPfn5ZxCqClZDukVzRLhJxw/getUpdates "HTTP/1.1 200 OK"
2024-08-29 21:13:59,463 - httpx - INFO - HTTP Request: POST https://api.telegram.org/bot7228712847:AAHWgEy-FffARPfn5ZxCqClZDukVzRLhJxw/getUpdates "HTTP/1.1 200 OK"
2024-08-29 21:14:04,465 - httpx - INFO - HTTP Request: POST https://api.telegram.org/bot7228712847:AAHWgEy-FffARPfn5ZxCqClZDukVzRLhJxw/getUpdates "HTTP/1.1 200 OK"
2024-08-29 21:14:14,664 - httpx - INFO - HTTP Request: POST https://api.telegram.org/bot7228712847:AAHWgEy-FffARPfn5ZxCqClZDukVzRLhJxw/getUpdates "HTTP/1.1 200 OK"
2024-08-29 21:14:24,891 - httpx - INFO - HTTP Request: POST https://api.telegram.org/bot7228712847:AAHWgEy-FffARPfn5ZxCqClZDukVzRLhJxw/getUpdates "HTTP/1.1 200 OK"
2024-08-29 21:14:35,091 - httpx - INFO - HTTP Request: POST https://api.telegram.org/bot7228712847:AAHWgEy-FffARPfn5ZxCqClZDukVzRLhJxw/getUpdates "HTTP/1.1 200 OK"
2024-08-29 21:14:45,291 - httpx - INFO - HTTP Request: POST https://api.telegram.org/bot7228712847:AAHWgEy-FffARPfn5ZxCqClZDukVzRLhJxw/getUpdates "HTTP/1.1 200 OK"
2024-08-29 21:14:55,490 - httpx - INFO - HTTP Request: POST https://api.telegram.org/bot7228712847:AAHWgEy-FffARPfn5ZxCqClZDukVzRLhJxw/getUpdates "HTTP/1.1 200 OK"
2024-08-29 21:15:05,690 - httpx - INFO - HTTP Request: POST https://api.telegram.org/bot7228712847:AAHWgEy-FffARPfn5ZxCqClZDukVzRLhJxw/getUpdates "HTTP/1.1 200 OK"
2024-08-29 21:15:15,889 - httpx - INFO - HTTP Request: POST https://api.telegram.org/bot7228712847:AAHWgEy-FffARPfn5ZxCqClZDukVzRLhJxw/getUpdates "HTTP/1.1 200 OK"
2024-08-29 21:15:26,091 - httpx - INFO - HTTP Request: POST https://api.telegram.org/bot7228712847:AAHWgEy-FffARPfn5ZxCqClZDukVzRLhJxw/getUpdates "HTTP/1.1 200 OK"
2024-08-29 21:15:36,299 - httpx - INFO - HTTP Request: POST https://api.telegram.org/bot7228712847:AAHWgEy-FffARPfn5ZxCqClZDukVzRLhJxw/getUpdates "HTTP/1.1 200 OK"
2024-08-29 21:15:42,756 - httpx - INFO - HTTP Request: POST https://api.telegram.org/bot7228712847:AAHWgEy-FffARPfn5ZxCqClZDukVzRLhJxw/getUpdates "HTTP/1.1 200 OK"
2024-08-29 21:15:42,758 - telegram.ext.Application - INFO - Application is stopping. This might take a moment.
2024-08-29 21:15:42,758 - apscheduler.scheduler - INFO - Scheduler has been shut down
2024-08-29 21:15:42,759 - telegram.ext.Application - INFO - Application.stop() complete
2024-08-29 21:15:56,510 - httpx - INFO - HTTP Request: POST https://api.telegram.org/bot7228712847:AAHWgEy-FffARPfn5ZxCqClZDukVzRLhJxw/getMe "HTTP/1.1 200 OK"
2024-08-29 21:15:56,700 - httpx - INFO - HTTP Request: POST https://api.telegram.org/bot7228712847:AAHWgEy-FffARPfn5ZxCqClZDukVzRLhJxw/deleteWebhook "HTTP/1.1 200 OK"
2024-08-29 21:15:56,704 - apscheduler.scheduler - INFO - Scheduler started
2024-08-29 21:15:56,704 - telegram.ext.Application - INFO - Application started
2024-08-29 21:16:07,274 - httpx - INFO - HTTP Request: POST https://api.telegram.org/bot7228712847:AAHWgEy-FffARPfn5ZxCqClZDukVzRLhJxw/getUpdates "HTTP/1.1 200 OK"
2024-08-29 21:16:17,466 - httpx - INFO - HTTP Request: POST https://api.telegram.org/bot7228712847:AAHWgEy-FffARPfn5ZxCqClZDukVzRLhJxw/getUpdates "HTTP/1.1 200 OK"
2024-08-29 21:16:28,128 - httpx - INFO - HTTP Request: POST https://api.telegram.org/bot7228712847:AAHWgEy-FffARPfn5ZxCqClZDukVzRLhJxw/getUpdates "HTTP/1.1 200 OK"
2024-08-29 21:16:38,319 - httpx - INFO - HTTP Request: POST https://api.telegram.org/bot7228712847:AAHWgEy-FffARPfn5ZxCqClZDukVzRLhJxw/getUpdates "HTTP/1.1 200 OK"
2024-08-29 21:16:39,666 - httpx - INFO - HTTP Request: POST https://api.telegram.org/bot7228712847:AAHWgEy-FffARPfn5ZxCqClZDukVzRLhJxw/getUpdates "HTTP/1.1 200 OK"
2024-08-29 21:16:39,667 - __main__ - INFO - Message received in group from CA TAK - ADS TEAM 1
2024-08-29 21:16:39,669 - handlers.filter_handler - INFO - Processed message from user CA TAK - ADS TEAM 1 (@Kakalot5678) in chat -1002162228603
2024-08-29 21:16:48,751 - httpx - INFO - HTTP Request: POST https://api.telegram.org/bot7228712847:AAHWgEy-FffARPfn5ZxCqClZDukVzRLhJxw/getUpdates "HTTP/1.1 200 OK"
2024-08-29 21:16:49,611 - httpx - INFO - HTTP Request: POST https://api.telegram.org/bot7228712847:AAHWgEy-FffARPfn5ZxCqClZDukVzRLhJxw/sendMessage "HTTP/1.1 200 OK"
2024-08-29 21:16:58,946 - httpx - INFO - HTTP Request: POST https://api.telegram.org/bot7228712847:AAHWgEy-FffARPfn5ZxCqClZDukVzRLhJxw/getUpdates "HTTP/1.1 200 OK"
2024-08-29 21:17:09,139 - httpx - INFO - HTTP Request: POST https://api.telegram.org/bot7228712847:AAHWgEy-FffARPfn5ZxCqClZDukVzRLhJxw/getUpdates "HTTP/1.1 200 OK"
2024-08-29 21:17:19,330 - httpx - INFO - HTTP Request: POST https://api.telegram.org/bot7228712847:AAHWgEy-FffARPfn5ZxCqClZDukVzRLhJxw/getUpdates "HTTP/1.1 200 OK"
2024-08-29 21:17:25,984 - httpx - INFO - HTTP Request: POST https://api.telegram.org/bot7228712847:AAHWgEy-FffARPfn5ZxCqClZDukVzRLhJxw/getUpdates "HTTP/1.1 200 OK"
2024-08-29 21:17:28,001 - httpx - INFO - HTTP Request: POST https://api.telegram.org/bot7228712847:AAHWgEy-FffARPfn5ZxCqClZDukVzRLhJxw/sendMessage "HTTP/1.1 200 OK"
2024-08-29 21:17:31,174 - httpx - INFO - HTTP Request: POST https://api.telegram.org/bot7228712847:AAHWgEy-FffARPfn5ZxCqClZDukVzRLhJxw/getUpdates "HTTP/1.1 200 OK"
2024-08-29 21:17:41,365 - httpx - INFO - HTTP Request: POST https://api.telegram.org/bot7228712847:AAHWgEy-FffARPfn5ZxCqClZDukVzRLhJxw/getUpdates "HTTP/1.1 200 OK"
2024-08-29 21:17:51,555 - httpx - INFO - HTTP Request: POST https://api.telegram.org/bot7228712847:AAHWgEy-FffARPfn5ZxCqClZDukVzRLhJxw/getUpdates "HTTP/1.1 200 OK"
2024-08-29 21:18:01,745 - httpx - INFO - HTTP Request: POST https://api.telegram.org/bot7228712847:AAHWgEy-FffARPfn5ZxCqClZDukVzRLhJxw/getUpdates "HTTP/1.1 200 OK"
2024-08-29 21:18:11,934 - httpx - INFO - HTTP Request: POST https://api.telegram.org/bot7228712847:AAHWgEy-FffARPfn5ZxCqClZDukVzRLhJxw/getUpdates "HTTP/1.1 200 OK"
2024-08-29 21:18:22,125 - httpx - INFO - HTTP Request: POST https://api.telegram.org/bot7228712847:AAHWgEy-FffARPfn5ZxCqClZDukVzRLhJxw/getUpdates "HTTP/1.1 200 OK"
2024-08-29 21:18:32,335 - httpx - INFO - HTTP Request: POST https://api.telegram.org/bot7228712847:AAHWgEy-FffARPfn5ZxCqClZDukVzRLhJxw/getUpdates "HTTP/1.1 200 OK"
2024-08-29 21:18:42,528 - httpx - INFO - HTTP Request: POST https://api.telegram.org/bot7228712847:AAHWgEy-FffARPfn5ZxCqClZDukVzRLhJxw/getUpdates "HTTP/1.1 200 OK"
2024-08-29 21:18:52,720 - httpx - INFO - HTTP Request: POST https://api.telegram.org/bot7228712847:AAHWgEy-FffARPfn5ZxCqClZDukVzRLhJxw/getUpdates "HTTP/1.1 200 OK"
2024-08-29 21:19:02,910 - httpx - INFO - HTTP Request: POST https://api.telegram.org/bot7228712847:AAHWgEy-FffARPfn5ZxCqClZDukVzRLhJxw/getUpdates "HTTP/1.1 200 OK"
2024-08-29 21:19:13,105 - httpx - INFO - HTTP Request: POST https://api.telegram.org/bot7228712847:AAHWgEy-FffARPfn5ZxCqClZDukVzRLhJxw/getUpdates "HTTP/1.1 200 OK"
2024-08-29 21:19:23,307 - httpx - INFO - HTTP Request: POST https://api.telegram.org/bot7228712847:AAHWgEy-FffARPfn5ZxCqClZDukVzRLhJxw/getUpdates "HTTP/1.1 200 OK"
2024-08-29 21:19:33,505 - httpx - INFO - HTTP Request: POST https://api.telegram.org/bot7228712847:AAHWgEy-FffARPfn5ZxCqClZDukVzRLhJxw/getUpdates "HTTP/1.1 200 OK"
2024-08-29 21:19:43,695 - httpx - INFO - HTTP Request: POST https://api.telegram.org/bot7228712847:AAHWgEy-FffARPfn5ZxCqClZDukVzRLhJxw/getUpdates "HTTP/1.1 200 OK"
2024-08-29 21:19:53,889 - httpx - INFO - HTTP Request: POST https://api.telegram.org/bot7228712847:AAHWgEy-FffARPfn5ZxCqClZDukVzRLhJxw/getUpdates "HTTP/1.1 200 OK"
2024-08-29 21:20:04,110 - httpx - INFO - HTTP Request: POST https://api.telegram.org/bot7228712847:AAHWgEy-FffARPfn5ZxCqClZDukVzRLhJxw/getUpdates "HTTP/1.1 200 OK"
2024-08-29 21:20:14,302 - httpx - INFO - HTTP Request: POST https://api.telegram.org/bot7228712847:AAHWgEy-FffARPfn5ZxCqClZDukVzRLhJxw/getUpdates "HTTP/1.1 200 OK"
2024-08-29 21:20:24,494 - httpx - INFO - HTTP Request: POST https://api.telegram.org/bot7228712847:AAHWgEy-FffARPfn5ZxCqClZDukVzRLhJxw/getUpdates "HTTP/1.1 200 OK"
2024-08-29 21:20:34,684 - httpx - INFO - HTTP Request: POST https://api.telegram.org/bot7228712847:AAHWgEy-FffARPfn5ZxCqClZDukVzRLhJxw/getUpdates "HTTP/1.1 200 OK"
2024-08-29 21:20:44,266 - httpx - INFO - HTTP Request: POST https://api.telegram.org/bot7228712847:AAHWgEy-FffARPfn5ZxCqClZDukVzRLhJxw/getUpdates "HTTP/1.1 200 OK"
2024-08-29 21:20:45,160 - httpx - INFO - HTTP Request: POST https://api.telegram.org/bot7228712847:AAHWgEy-FffARPfn5ZxCqClZDukVzRLhJxw/sendMessage "HTTP/1.1 200 OK"
2024-08-29 21:20:54,460 - httpx - INFO - HTTP Request: POST https://api.telegram.org/bot7228712847:AAHWgEy-FffARPfn5ZxCqClZDukVzRLhJxw/getUpdates "HTTP/1.1 200 OK"
2024-08-29 21:21:04,651 - httpx - INFO - HTTP Request: POST https://api.telegram.org/bot7228712847:AAHWgEy-FffARPfn5ZxCqClZDukVzRLhJxw/getUpdates "HTTP/1.1 200 OK"
2024-08-29 21:21:13,125 - httpx - INFO - HTTP Request: POST https://api.telegram.org/bot7228712847:AAHWgEy-FffARPfn5ZxCqClZDukVzRLhJxw/getUpdates "HTTP/1.1 200 OK"
2024-08-29 21:21:13,126 - telegram.ext.Application - INFO - Application is stopping. This might take a moment.
2024-08-29 21:21:13,127 - apscheduler.scheduler - INFO - Scheduler has been shut down
2024-08-29 21:21:13,127 - telegram.ext.Application - INFO - Application.stop() complete
2024-08-29 21:22:17,546 - httpx - INFO - HTTP Request: POST https://api.telegram.org/bot7228712847:AAHWgEy-FffARPfn5ZxCqClZDukVzRLhJxw/getMe "HTTP/1.1 200 OK"
2024-08-29 21:22:17,738 - httpx - INFO - HTTP Request: POST https://api.telegram.org/bot7228712847:AAHWgEy-FffARPfn5ZxCqClZDukVzRLhJxw/deleteWebhook "HTTP/1.1 200 OK"
2024-08-29 21:22:17,739 - apscheduler.scheduler - INFO - Scheduler started
2024-08-29 21:22:17,740 - telegram.ext.Application - INFO - Application started
2024-08-29 21:22:18,957 - httpx - INFO - HTTP Request: POST https://api.telegram.org/bot7228712847:AAHWgEy-FffARPfn5ZxCqClZDukVzRLhJxw/getUpdates "HTTP/1.1 200 OK"
2024-08-29 21:22:19,376 - httpx - INFO - HTTP Request: POST https://api.telegram.org/bot7228712847:AAHWgEy-FffARPfn5ZxCqClZDukVzRLhJxw/sendMessage "HTTP/1.1 200 OK"
2024-08-29 21:22:25,567 - httpx - INFO - HTTP Request: POST https://api.telegram.org/bot7228712847:AAHWgEy-FffARPfn5ZxCqClZDukVzRLhJxw/getUpdates "HTTP/1.1 200 OK"
2024-08-29 21:22:25,568 - __main__ - INFO - Received '/checkdiem' from CA TAK - ADS TEAM 1 in chat -1002162228603
2024-08-29 21:22:26,351 - httpx - INFO - HTTP Request: POST https://api.telegram.org/bot7228712847:AAHWgEy-FffARPfn5ZxCqClZDukVzRLhJxw/sendMessage "HTTP/1.1 200 OK"
2024-08-29 21:22:31,544 - httpx - INFO - HTTP Request: POST https://api.telegram.org/bot7228712847:AAHWgEy-FffARPfn5ZxCqClZDukVzRLhJxw/getUpdates "HTTP/1.1 200 OK"
2024-08-29 21:22:31,544 - __main__ - INFO - Received 'okpay' from CA TAK - ADS TEAM 1 in chat -1002162228603
2024-08-29 21:22:32,362 - httpx - INFO - HTTP Request: POST https://api.telegram.org/bot7228712847:AAHWgEy-FffARPfn5ZxCqClZDukVzRLhJxw/sendMessage "HTTP/1.1 200 OK"
2024-08-29 21:22:32,363 - handlers.checkin_handler - INFO - User Kakalot5678 checked in successfully in chat -1002162228603
2024-08-29 21:22:34,344 - httpx - INFO - HTTP Request: POST https://api.telegram.org/bot7228712847:AAHWgEy-FffARPfn5ZxCqClZDukVzRLhJxw/getUpdates "HTTP/1.1 200 OK"
2024-08-29 21:22:34,344 - __main__ - INFO - Received '/checkdiem' from CA TAK - ADS TEAM 1 in chat -1002162228603
2024-08-29 21:22:34,753 - httpx - INFO - HTTP Request: POST https://api.telegram.org/bot7228712847:AAHWgEy-FffARPfn5ZxCqClZDukVzRLhJxw/sendMessage "HTTP/1.1 200 OK"
2024-08-29 21:22:44,542 - httpx - INFO - HTTP Request: POST https://api.telegram.org/bot7228712847:AAHWgEy-FffARPfn5ZxCqClZDukVzRLhJxw/getUpdates "HTTP/1.1 200 OK"
2024-08-29 21:22:45,049 - httpx - INFO - HTTP Request: POST https://api.telegram.org/bot7228712847:AAHWgEy-FffARPfn5ZxCqClZDukVzRLhJxw/getUpdates "HTTP/1.1 200 OK"
2024-08-29 21:22:45,935 - httpx - INFO - HTTP Request: POST https://api.telegram.org/bot7228712847:AAHWgEy-FffARPfn5ZxCqClZDukVzRLhJxw/sendMessage "HTTP/1.1 200 OK"
2024-08-29 21:22:55,238 - httpx - INFO - HTTP Request: POST https://api.telegram.org/bot7228712847:AAHWgEy-FffARPfn5ZxCqClZDukVzRLhJxw/getUpdates "HTTP/1.1 200 OK"
2024-08-29 21:23:00,819 - httpx - INFO - HTTP Request: POST https://api.telegram.org/bot7228712847:AAHWgEy-FffARPfn5ZxCqClZDukVzRLhJxw/getUpdates "HTTP/1.1 200 OK"
2024-08-29 21:23:00,820 - telegram.ext.Application - INFO - Application is stopping. This might take a moment.
2024-08-29 21:23:00,820 - apscheduler.scheduler - INFO - Scheduler has been shut down
2024-08-29 21:23:00,820 - telegram.ext.Application - INFO - Application.stop() complete
